mode: set
go-tutorails/internal/network/tcp/client.go:13.15,16.16 3 0
go-tutorails/internal/network/tcp/client.go:22.2,22.6 1 0
go-tutorails/internal/network/tcp/client.go:16.16,19.3 2 0
go-tutorails/internal/network/tcp/client.go:19.8,21.3 1 0
go-tutorails/internal/network/tcp/client.go:22.6,29.48 7 0
go-tutorails/internal/network/tcp/client.go:33.3,33.30 1 0
go-tutorails/internal/network/tcp/client.go:29.48,32.4 2 0
go-tutorails/internal/network/tcp/client.go:37.13,39.2 1 1
go-tutorails/internal/network/tcp/client.go:40.14,42.2 1 1
go-tutorails/internal/network/tcp/client.go:43.15,45.2 1 1
go-tutorails/internal/network/tcp/server.go:11.14,14.16 3 0
go-tutorails/internal/network/tcp/server.go:20.2,22.16 3 0
go-tutorails/internal/network/tcp/server.go:26.2,26.6 1 0
go-tutorails/internal/network/tcp/server.go:14.16,17.3 2 0
go-tutorails/internal/network/tcp/server.go:17.7,19.4 1 0
go-tutorails/internal/network/tcp/server.go:22.16,25.3 2 0
go-tutorails/internal/network/tcp/server.go:26.6,28.18 2 0
go-tutorails/internal/network/tcp/server.go:32.4,32.52 1 0
go-tutorails/internal/network/tcp/server.go:36.4,40.27 5 0
go-tutorails/internal/network/tcp/server.go:28.18,31.5 2 0
go-tutorails/internal/network/tcp/server.go:32.52,35.5 2 0
go-tutorails/internal/math/operations.go:2.34,4.2 1 1
go-tutorails/internal/math/operations.go:5.34,7.2 1 1
go-tutorails/internal/math/operations.go:8.34,9.17 1 1
go-tutorails/internal/math/operations.go:9.17,11.3 1 1
go-tutorails/internal/math/operations.go:11.8,13.3 1 1
go-tutorails/internal/math/operations.go:15.33,17.14 2 1
go-tutorails/internal/math/operations.go:22.2,22.12 1 1
go-tutorails/internal/math/operations.go:17.14,21.3 3 1
go-tutorails/internal/math/operations.go:24.26,26.2 1 1
